#
# There is insufficient memory for the Java Runtime Environment to continue.
# Native memory allocation (mmap) failed to map 266338304 bytes for Failed to commit area from 0x0000000703a00000 to 0x0000000713800000 of length 266338304.
# Possible reasons:
#   The system is out of physical RAM or swap space
#   The process is running with CompressedOops enabled, and the Java Heap may be blocking the growth of the native heap
# Possible solutions:
#   Reduce memory load on the system
#   Increase physical memory or swap space
#   Check if swap backing store is full
#   Decrease Java heap size (-Xmx/-Xms)
#   Decrease number of Java threads
#   Decrease Java thread stack sizes (-Xss)
#   Set larger code cache with -XX:ReservedCodeCacheSize=
# This output file may be truncated or incomplete.
#
#  Out of Memory Error (t:/workspace/open/src/hotspot/os/windows/os_windows.cpp:3271), pid=21052, tid=12572
#
# JRE version:  (11.0.6+8) (build )
# Java VM: Java HotSpot(TM) 64-Bit Server VM (11.0.6+8-LTS, mixed mode, sharing, tiered, compressed oops, g1 gc, windows-amd64)
# No core dump will be written. Minidumps are not enabled by default on client versions of Windows
#

---------------  S U M M A R Y ------------

Command Line: C:\Users\NGNAWEN\IdeaProjects\gestion-stock-v2\stock-serveur-v2\target\surefire\surefirebooter15639185781464486604.jar C:\Users\NGNAWEN\IdeaProjects\gestion-stock-v2\stock-serveur-v2\target\surefire\surefire9580196520965429757tmp C:\Users\NGNAWEN\IdeaProjects\gestion-stock-v2\stock-serveur-v2\target\surefire\surefire_012808848484951775898tmp

Host: Intel(R) Core(TM) i7-9750H CPU @ 2.60GHz, 12 cores, 15G,  Windows 10 , 64 bit Build 22000 (10.0.22000.318)
Time: Tue Dec 28 13:01:10 2021 Île Maurice elapsed time: 0 seconds (0d 0h 0m 0s)

---------------  T H R E A D  ---------------

Current thread (0x000001bd11b46800):  JavaThread "Unknown thread" [_thread_in_vm, id=12572, stack(0x000000b5ef400000,0x000000b5ef500000)]

Stack: [0x000000b5ef400000,0x000000b5ef500000]
Native frames: (J=compiled Java code, j=interpreted, Vv=VM code, C=native code)
V  [jvm.dll+0x63679a]
V  [jvm.dll+0x7755bf]
V  [jvm.dll+0x776c65]
V  [jvm.dll+0x7772d3]
V  [jvm.dll+0x25e7f8]
V  [jvm.dll+0x633c4a]
V  [jvm.dll+0x628625]
V  [jvm.dll+0x314a7c]
V  [jvm.dll+0x314902]
V  [jvm.dll+0x31a176]
V  [jvm.dll+0x36650f]
V  [jvm.dll+0x365f30]
V  [jvm.dll+0x2f1a78]
V  [jvm.dll+0x2f2bf6]
V  [jvm.dll+0x74e707]
V  [jvm.dll+0x74fe7f]
V  [jvm.dll+0x373349]
V  [jvm.dll+0x734e5e]
V  [jvm.dll+0x3e2b5d]
V  [jvm.dll+0x3e4ef1]
C  [java.exe+0x3607]
C  [java.exe+0x178dc]
C  [KERNEL32.DLL+0x154e0]
C  [ntdll.dll+0x485b]


---------------  P R O C E S S  ---------------

Threads class SMR info:
_java_thread_list=0x000001bd100b4010, length=0, elements={
}

Java Threads: ( => current thread )

Other Threads:
  0x000001bd11b5c000 GCTaskThread "GC Thread#0" [stack: 0x000000b5ef500000,0x000000b5ef600000] [id=27964]
  0x000001bd11bbb800 ConcurrentGCThread "G1 Main Marker" [stack: 0x000000b5ef600000,0x000000b5ef700000] [id=26008]
  0x000001bd11bbe000 ConcurrentGCThread "G1 Conc#0" [stack: 0x000000b5ef700000,0x000000b5ef800000] [id=23524]

[error occurred during error reporting (printing all threads), id 0xc0000005, EXCEPTION_ACCESS_VIOLATION (0xc0000005) at pc=0x00007ffbd5e70207]

VM state:not at safepoint (not fully initialized)

VM Mutex/Monitor currently owned by a thread:  ([mutex/lock_event])
[0x000001bd11b42330] Heap_lock - owner thread: 0x000001bd11b46800

Heap address: 0x0000000703a00000, size: 4038 MB, Compressed Oops mode: Non-zero based: 0x0000000703a00000
Narrow klass base: 0x0000000000000000, Narrow klass shift: 0

GC Heap History (0 events):
No events

Deoptimization events (0 events):
No events

Classes redefined (0 events):
No events

Internal exceptions (0 events):
No events

Events (0 events):
No events


Dynamic libraries:
0x00007ff7fe410000 - 0x00007ff7fe457000 	C:\Program Files\Java\jdk-11.0.6\bin\java.exe
0x00007ffc6c420000 - 0x00007ffc6c627000 	C:\WINDOWS\SYSTEM32\ntdll.dll
0x00007ffc6b050000 - 0x00007ffc6b10d000 	C:\WINDOWS\System32\KERNEL32.DLL
0x00007ffc69e40000 - 0x00007ffc6a1b4000 	C:\WINDOWS\System32\KERNELBASE.dll
0x00007ffc6ba80000 - 0x00007ffc6bb2c000 	C:\WINDOWS\System32\ADVAPI32.dll
0x00007ffc6a350000 - 0x00007ffc6a3f3000 	C:\WINDOWS\System32\msvcrt.dll
0x00007ffc6b110000 - 0x00007ffc6b1ad000 	C:\WINDOWS\System32\sechost.dll
0x00007ffc6b670000 - 0x00007ffc6b791000 	C:\WINDOWS\System32\RPCRT4.dll
0x00007ffc6a430000 - 0x00007ffc6a5dc000 	C:\WINDOWS\System32\USER32.dll
0x00007ffc6a280000 - 0x00007ffc6a2a6000 	C:\WINDOWS\System32\win32u.dll
0x00007ffc6a400000 - 0x00007ffc6a429000 	C:\WINDOWS\System32\GDI32.dll
0x00007ffc69d20000 - 0x00007ffc69e32000 	C:\WINDOWS\System32\gdi32full.dll
0x00007ffc69b60000 - 0x00007ffc69bfd000 	C:\WINDOWS\System32\msvcp_win.dll
0x00007ffc69c00000 - 0x00007ffc69d11000 	C:\WINDOWS\System32\ucrtbase.dll
0x00007ffc49770000 - 0x00007ffc49a15000 	C:\WINDOWS\WinSxS\amd64_microsoft.windows.common-controls_6595b64144ccf1df_6.0.22000.120_none_9d947278b86cc467\COMCTL32.dll
0x00007ffc60c50000 - 0x00007ffc60c5a000 	C:\WINDOWS\SYSTEM32\VERSION.dll
0x00007ffc6a7d0000 - 0x00007ffc6a801000 	C:\WINDOWS\System32\IMM32.DLL
0x00007ffc5e140000 - 0x00007ffc5e156000 	C:\Program Files\Java\jdk-11.0.6\bin\vcruntime140.dll
0x00007ffc2d3f0000 - 0x00007ffc2d49a000 	C:\Program Files\Java\jdk-11.0.6\bin\msvcp140.dll
0x00007ffbd5b70000 - 0x00007ffbd6699000 	C:\Program Files\Java\jdk-11.0.6\bin\server\jvm.dll
0x00007ffc6c020000 - 0x00007ffc6c028000 	C:\WINDOWS\System32\PSAPI.DLL
0x00007ffc4d100000 - 0x00007ffc4d109000 	C:\WINDOWS\SYSTEM32\WSOCK32.dll
0x00007ffc62870000 - 0x00007ffc628a3000 	C:\WINDOWS\SYSTEM32\WINMM.dll
0x00007ffc6b5a0000 - 0x00007ffc6b60f000 	C:\WINDOWS\System32\WS2_32.dll
0x00007ffc68b10000 - 0x00007ffc68b28000 	C:\WINDOWS\SYSTEM32\kernel.appcore.dll
0x00007ffc5a920000 - 0x00007ffc5a931000 	C:\Program Files\Java\jdk-11.0.6\bin\verify.dll
0x00007ffc66e50000 - 0x00007ffc67071000 	C:\WINDOWS\SYSTEM32\DBGHELP.DLL
0x00007ffc5b0e0000 - 0x00007ffc5b111000 	C:\WINDOWS\SYSTEM32\dbgcore.DLL
0x00007ffc69ae0000 - 0x00007ffc69b5f000 	C:\WINDOWS\System32\bcryptPrimitives.dll
0x00007ffc59480000 - 0x00007ffc594a9000 	C:\Program Files\Java\jdk-11.0.6\bin\java.dll
0x00007ffc5a4c0000 - 0x00007ffc5a4d6000 	C:\Program Files\Java\jdk-11.0.6\bin\zip.dll
0x00007ffc64000000 - 0x00007ffc6400a000 	C:\Program Files\Java\jdk-11.0.6\bin\jimage.dll

dbghelp: loaded successfully - version: 4.0.5 - missing functions: none
symbol engine: initialized successfully - sym options: 0x614 - pdb path: .;C:\Program Files\Java\jdk-11.0.6\bin;C:\WINDOWS\SYSTEM32;C:\WINDOWS\WinSxS\amd64_microsoft.windows.common-controls_6595b64144ccf1df_6.0.22000.120_none_9d947278b86cc467;C:\Program Files\Java\jdk-11.0.6\bin\server

VM Arguments:
java_command: C:\Users\NGNAWEN\IdeaProjects\gestion-stock-v2\stock-serveur-v2\target\surefire\surefirebooter15639185781464486604.jar C:\Users\NGNAWEN\IdeaProjects\gestion-stock-v2\stock-serveur-v2\target\surefire\surefire9580196520965429757tmp C:\Users\NGNAWEN\IdeaProjects\gestion-stock-v2\stock-serveur-v2\target\surefire\surefire_012808848484951775898tmp
java_class_path (initial): C:\Users\NGNAWEN\IdeaProjects\gestion-stock-v2\stock-serveur-v2\target\surefire\surefirebooter15639185781464486604.jar
Launcher Type: SUN_STANDARD

[Global flags]
     intx CICompilerCount                          = 4                                         {product} {ergonomic}
     uint ConcGCThreads                            = 3                                         {product} {ergonomic}
     uint G1ConcRefinementThreads                  = 10                                        {product} {ergonomic}
   size_t G1HeapRegionSize                         = 1048576                                   {product} {ergonomic}
    uintx GCDrainStackTargetSize                   = 64                                        {product} {ergonomic}
   size_t InitialHeapSize                          = 266338304                                 {product} {ergonomic}
   size_t MarkStackSize                            = 4194304                                   {product} {ergonomic}
   size_t MaxHeapSize                              = 4234149888                                {product} {ergonomic}
   size_t MinHeapDeltaBytes                        = 1048576                                   {product} {ergonomic}
    uintx NonNMethodCodeHeapSize                   = 5836300                                {pd product} {ergonomic}
    uintx NonProfiledCodeHeapSize                  = 122910970                              {pd product} {ergonomic}
    uintx ProfiledCodeHeapSize                     = 122910970                              {pd product} {ergonomic}
    uintx ReservedCodeCacheSize                    = 251658240                              {pd product} {ergonomic}
     bool SegmentedCodeCache                       = true                                      {product} {ergonomic}
     bool UseCompressedClassPointers               = true                                 {lp64_product} {ergonomic}
     bool UseCompressedOops                        = true                                 {lp64_product} {ergonomic}
     bool UseG1GC                                  = true                                      {product} {ergonomic}
     bool UseLargePagesIndividualAllocation        = false                                  {pd product} {ergonomic}

Logging:
Log output configuration:
 #0: stdout all=warning uptime,level,tags
 #1: stderr all=off uptime,level,tags

Environment Variables:
JAVA_HOME=C:/Program Files/Java/jdk-11.0.6
PATH=C:\Program Files\Git\mingw64\bin;C:\Program Files\Git\usr\bin;C:\Users\NGNAWEN\bin;C:\Program Files\Java\jdk-11.0.6\bin;C:\Program Files (x86)\Common Files\Oracle\Java\javapath;C:\WINDOWS\system32;C:\WINDOWS;C:\WINDOWS\System32\Wbem;C:\WINDOWS\System32\WindowsPowerShell\v1.0;C:\WINDOWS\System32\OpenSSH;C:\Program Files (x86)\MySQL\MySQL Server 5.0\bin;C:\Program Files\apache-maven-3.8.1\bin;C:\TDM-GCC-32\bin;C:\Program Files\Git\cmd;C:\ProgramData\chocolatey\bin;C:\Program Files\PuTTY;C:\Users\NGNAWEN\AppData\Roaming\nvm;C:\Program Files\nodejs;C:\Program Files\dotnet;C:\Program Files (x86)\dotnet;C:\Program Files\nodejs;C:\Program Files\Java\jdk-11.0.6;C:\Program Files\MySQL\MySQL Shell 8.0\bin;C:\Users\NGNAWEN\AppData\Local\Microsoft\WindowsApps;C:\tools\gradle-6.9.1\bin;C:\tools\groovy-3.0.8\bin;C:\Users\NGNAWEN\.dotnet\tools;C:\Users\NGNAWEN\AppData\Roaming\npm;%USERPROFILE%\AppData\Local\Microsoft\WindowsApps
USERNAME=NGNAWEN
OS=Windows_NT
PROCESSOR_IDENTIFIER=Intel64 Family 6 Model 158 Stepping 10, GenuineIntel



---------------  S Y S T E M  ---------------

OS: Windows 10 , 64 bit Build 22000 (10.0.22000.318)

CPU:total 12 (initial active 12) (6 cores per cpu, 2 threads per core) family 6 model 158 stepping 10, cmov, cx8, fxsr, mmx, sse, sse2, sse3, ssse3, sse4.1, sse4.2, popcnt, avx, avx2, aes, clmul, erms, 3dnowpref, lzcnt, ht, tsc, tscinvbit, bmi1, bmi2, adx, fma

Memory: 4k page, system-wide physical 16151M (4963M free)
TotalPageFile size 19138M (AvailPageFile size 134M)
current process WorkingSet (physical memory assigned to process): 10M, peak: 10M
current process commit charge ("private bytes"): 64M, peak: 318M

vm_info: Java HotSpot(TM) 64-Bit Server VM (11.0.6+8-LTS) for windows-amd64 JRE (11.0.6+8-LTS), built on Dec 11 2019 09:17:57 by "mach5one" with MS VC++ 15.5 (VS2017)

END.
